[ 2014-04-24T09:00:16+08:00 ] 127.0.0.1 /ITrecord/
INFO: [ app_begin ] --START--
INFO: ReadHtmlCache Behavior ::run [ RunTime:0.000000s ]
INFO: [ app_begin ] --END-- [ RunTime:0.000000s ]
INFO: [ view_parse ] --START--
INFO: ParseTemplate Behavior ::run [ RunTime:0.062500s ]
INFO: [ view_parse ] --END-- [ RunTime:0.062500s ]
INFO: [ view_filter ] --START--
INFO: ContentReplace Behavior ::run [ RunTime:0.000000s ]
INFO: TokenBuild Behavior ::run [ RunTime:0.000000s ]
INFO: WriteHtmlCache Behavior ::run [ RunTime:0.000000s ]
INFO: ShowRuntime Behavior ::run [ RunTime:0.015625s ]
INFO: [ view_filter ] --END-- [ RunTime:0.015625s ]
INFO: [ view_end ] --START--
INFO: ShowPageTrace Behavior ::run [ RunTime:0.015625s ]
INFO: [ view_end ] --END-- [ RunTime:0.015625s ]

[ 2014-04-24T09:00:21+08:00 ] 127.0.0.1 /ITrecord/index.php/Index/wxjl.html?_=1398301217640
INFO: [ route_check ] --START--
INFO: CheckRoute Behavior ::run [ RunTime:0.015625s ]
INFO: [ route_check ] --END-- [ RunTime:0.015625s ]
INFO: [ app_begin ] --START--
INFO: ReadHtmlCache Behavior ::run [ RunTime:0.000000s ]
INFO: [ app_begin ] --END-- [ RunTime:0.000000s ]
NOTIC: [8] Constant THEME_NAME already defined C:\wamp\www\ThinkPHP\Lib\Core\View.class.php 第 223 行.
NOTIC: [8] Constant THEME_PATH already defined C:\wamp\www\ThinkPHP\Lib\Core\View.class.php 第 174 行.
NOTIC: [8] Constant APP_TMPL_PATH already defined C:\wamp\www\ThinkPHP\Lib\Core\View.class.php 第 175 行.
INFO: [ view_parse ] --START--
INFO: ParseTemplate Behavior ::run [ RunTime:0.031250s ]
INFO: [ view_parse ] --END-- [ RunTime:0.031250s ]
INFO: [ view_filter ] --START--
INFO: ContentReplace Behavior ::run [ RunTime:0.000000s ]
INFO: TokenBuild Behavior ::run [ RunTime:0.000000s ]
INFO: WriteHtmlCache Behavior ::run [ RunTime:0.015625s ]
INFO: ShowRuntime Behavior ::run [ RunTime:0.000000s ]
INFO: [ view_filter ] --END-- [ RunTime:0.015625s ]
INFO: [ view_end ] --START--
INFO: ShowPageTrace Behavior ::run [ RunTime:0.000000s ]
INFO: [ view_end ] --END-- [ RunTime:0.000000s ]

[ 2014-04-24T09:00:22+08:00 ] 127.0.0.1 /ITrecord/index.php/Wxjl/index.html?page=1&rows=10
INFO: [ route_check ] --START--
INFO: CheckRoute Behavior ::run [ RunTime:0.000000s ]
INFO: [ route_check ] --END-- [ RunTime:0.000000s ]
INFO: [ app_begin ] --START--
INFO: ReadHtmlCache Behavior ::run [ RunTime:0.000000s ]
INFO: [ app_begin ] --END-- [ RunTime:0.000000s ]
SQL: SHOW COLUMNS FROM `yf_wxjl` [ RunTime:0.109375s ]
SQL: SELECT * FROM `yf_wxjl`  [ RunTime:0.000000s ]

[ 2014-04-24T09:00:49+08:00 ] 127.0.0.1 /ITrecord/index.php/Wxjl/newrecord.html
INFO: [ route_check ] --START--
INFO: CheckRoute Behavior ::run [ RunTime:0.000000s ]
INFO: [ route_check ] --END-- [ RunTime:0.000000s ]
INFO: [ app_begin ] --START--
INFO: ReadHtmlCache Behavior ::run [ RunTime:0.000000s ]
INFO: [ app_begin ] --END-- [ RunTime:0.000000s ]
NOTIC: [8] Use of undefined constant htmlspecialchars - assumed 'htmlspecialchars' C:\wamp\www\ITrecord\App\Lib\Action\WxjlAction.class.php 第 16 行.
NOTIC: [8] Use of undefined constant htmlspecialchars - assumed 'htmlspecialchars' C:\wamp\www\ITrecord\App\Lib\Action\WxjlAction.class.php 第 17 行.
NOTIC: [8] Use of undefined constant htmlspecialchars - assumed 'htmlspecialchars' C:\wamp\www\ITrecord\App\Lib\Action\WxjlAction.class.php 第 18 行.
NOTIC: [8] Use of undefined constant htmlspecialchars - assumed 'htmlspecialchars' C:\wamp\www\ITrecord\App\Lib\Action\WxjlAction.class.php 第 19 行.
NOTIC: [8] Use of undefined constant htmlspecialchars - assumed 'htmlspecialchars' C:\wamp\www\ITrecord\App\Lib\Action\WxjlAction.class.php 第 20 行.

[ 2014-04-24T09:00:55+08:00 ] 127.0.0.1 /ITrecord/index.php/Wxjl/newrecord.html
INFO: [ route_check ] --START--
INFO: CheckRoute Behavior ::run [ RunTime:0.000000s ]
INFO: [ route_check ] --END-- [ RunTime:0.000000s ]
INFO: [ app_begin ] --START--
INFO: ReadHtmlCache Behavior ::run [ RunTime:0.000000s ]
INFO: [ app_begin ] --END-- [ RunTime:0.000000s ]
NOTIC: [8] Use of undefined constant htmlspecialchars - assumed 'htmlspecialchars' C:\wamp\www\ITrecord\App\Lib\Action\WxjlAction.class.php 第 16 行.
NOTIC: [8] Use of undefined constant htmlspecialchars - assumed 'htmlspecialchars' C:\wamp\www\ITrecord\App\Lib\Action\WxjlAction.class.php 第 17 行.
NOTIC: [8] Use of undefined constant htmlspecialchars - assumed 'htmlspecialchars' C:\wamp\www\ITrecord\App\Lib\Action\WxjlAction.class.php 第 18 行.
NOTIC: [8] Use of undefined constant htmlspecialchars - assumed 'htmlspecialchars' C:\wamp\www\ITrecord\App\Lib\Action\WxjlAction.class.php 第 19 行.
NOTIC: [8] Use of undefined constant htmlspecialchars - assumed 'htmlspecialchars' C:\wamp\www\ITrecord\App\Lib\Action\WxjlAction.class.php 第 20 行.

[ 2014-04-24T09:01:00+08:00 ] 127.0.0.1 /ITrecord/
INFO: [ app_begin ] --START--
INFO: ReadHtmlCache Behavior ::run [ RunTime:0.000000s ]
INFO: [ app_begin ] --END-- [ RunTime:0.000000s ]
INFO: [ view_parse ] --START--
INFO: ParseTemplate Behavior ::run [ RunTime:0.046875s ]
INFO: [ view_parse ] --END-- [ RunTime:0.046875s ]
INFO: [ view_filter ] --START--
INFO: ContentReplace Behavior ::run [ RunTime:0.000000s ]
INFO: TokenBuild Behavior ::run [ RunTime:0.015625s ]
INFO: WriteHtmlCache Behavior ::run [ RunTime:0.000000s ]
INFO: ShowRuntime Behavior ::run [ RunTime:0.015625s ]
INFO: [ view_filter ] --END-- [ RunTime:0.031250s ]
INFO: [ view_end ] --START--
INFO: ShowPageTrace Behavior ::run [ RunTime:0.000000s ]
INFO: [ view_end ] --END-- [ RunTime:0.000000s ]

[ 2014-04-24T09:01:03+08:00 ] 127.0.0.1 /ITrecord/Public/Js/jquery.min.map
INFO: [ route_check ] --START--
INFO: CheckRoute Behavior ::run [ RunTime:0.015625s ]
INFO: [ route_check ] --END-- [ RunTime:0.015625s ]
INFO: [ app_begin ] --START--
INFO: ReadHtmlCache Behavior ::run [ RunTime:0.015625s ]
INFO: [ app_begin ] --END-- [ RunTime:0.015625s ]
ERR: 无法加载模块:Public

[ 2014-04-24T09:01:45+08:00 ] 127.0.0.1 /ITrecord/
INFO: [ app_begin ] --START--
INFO: ReadHtmlCache Behavior ::run [ RunTime:0.000000s ]
INFO: [ app_begin ] --END-- [ RunTime:0.000000s ]
INFO: [ view_parse ] --START--
INFO: ParseTemplate Behavior ::run [ RunTime:0.031250s ]
INFO: [ view_parse ] --END-- [ RunTime:0.031250s ]
INFO: [ view_filter ] --START--
INFO: ContentReplace Behavior ::run [ RunTime:0.000000s ]
INFO: TokenBuild Behavior ::run [ RunTime:0.000000s ]
INFO: WriteHtmlCache Behavior ::run [ RunTime:0.000000s ]
INFO: ShowRuntime Behavior ::run [ RunTime:0.000000s ]
INFO: [ view_filter ] --END-- [ RunTime:0.015625s ]
INFO: [ view_end ] --START--
INFO: ShowPageTrace Behavior ::run [ RunTime:0.015625s ]
INFO: [ view_end ] --END-- [ RunTime:0.015625s ]

[ 2014-04-24T09:01:48+08:00 ] 127.0.0.1 /ITrecord/
INFO: [ app_begin ] --START--
INFO: ReadHtmlCache Behavior ::run [ RunTime:0.000000s ]
INFO: [ app_begin ] --END-- [ RunTime:0.000000s ]
INFO: [ view_parse ] --START--
INFO: ParseTemplate Behavior ::run [ RunTime:0.046875s ]
INFO: [ view_parse ] --END-- [ RunTime:0.046875s ]
INFO: [ view_filter ] --START--
INFO: ContentReplace Behavior ::run [ RunTime:0.015625s ]
INFO: TokenBuild Behavior ::run [ RunTime:0.000000s ]
INFO: WriteHtmlCache Behavior ::run [ RunTime:0.000000s ]
INFO: ShowRuntime Behavior ::run [ RunTime:0.015625s ]
INFO: [ view_filter ] --END-- [ RunTime:0.031250s ]
INFO: [ view_end ] --START--
INFO: ShowPageTrace Behavior ::run [ RunTime:0.000000s ]
INFO: [ view_end ] --END-- [ RunTime:0.000000s ]

[ 2014-04-24T09:01:52+08:00 ] 127.0.0.1 /ITrecord/index.php/Index/wxjl.html?_=1398301306623
INFO: [ route_check ] --START--
INFO: CheckRoute Behavior ::run [ RunTime:0.000000s ]
INFO: [ route_check ] --END-- [ RunTime:0.015625s ]
INFO: [ app_begin ] --START--
INFO: ReadHtmlCache Behavior ::run [ RunTime:0.000000s ]
INFO: [ app_begin ] --END-- [ RunTime:0.000000s ]
NOTIC: [8] Constant THEME_NAME already defined C:\wamp\www\ThinkPHP\Lib\Core\View.class.php 第 223 行.
NOTIC: [8] Constant THEME_PATH already defined C:\wamp\www\ThinkPHP\Lib\Core\View.class.php 第 174 行.
NOTIC: [8] Constant APP_TMPL_PATH already defined C:\wamp\www\ThinkPHP\Lib\Core\View.class.php 第 175 行.
INFO: [ view_parse ] --START--
INFO: ParseTemplate Behavior ::run [ RunTime:0.046875s ]
INFO: [ view_parse ] --END-- [ RunTime:0.046875s ]
INFO: [ view_filter ] --START--
INFO: ContentReplace Behavior ::run [ RunTime:0.000000s ]
INFO: TokenBuild Behavior ::run [ RunTime:0.000000s ]
INFO: WriteHtmlCache Behavior ::run [ RunTime:0.015625s ]
INFO: ShowRuntime Behavior ::run [ RunTime:0.000000s ]
INFO: [ view_filter ] --END-- [ RunTime:0.031250s ]
INFO: [ view_end ] --START--
INFO: ShowPageTrace Behavior ::run [ RunTime:0.000000s ]
INFO: [ view_end ] --END-- [ RunTime:0.000000s ]

[ 2014-04-24T09:01:53+08:00 ] 127.0.0.1 /ITrecord/index.php/Wxjl/index.html?page=1&rows=10
INFO: [ route_check ] --START--
INFO: CheckRoute Behavior ::run [ RunTime:0.000000s ]
INFO: [ route_check ] --END-- [ RunTime:0.000000s ]
INFO: [ app_begin ] --START--
INFO: ReadHtmlCache Behavior ::run [ RunTime:0.000000s ]
INFO: [ app_begin ] --END-- [ RunTime:0.000000s ]
SQL: SHOW COLUMNS FROM `yf_wxjl` [ RunTime:0.000000s ]
SQL: SELECT * FROM `yf_wxjl`  [ RunTime:0.000000s ]

[ 2014-04-24T09:02:04+08:00 ] 127.0.0.1 /ITrecord/index.php/Wxjl/newrecord.html
INFO: [ route_check ] --START--
INFO: CheckRoute Behavior ::run [ RunTime:0.000000s ]
INFO: [ route_check ] --END-- [ RunTime:0.015625s ]
INFO: [ app_begin ] --START--
INFO: ReadHtmlCache Behavior ::run [ RunTime:0.015625s ]
INFO: [ app_begin ] --END-- [ RunTime:0.015625s ]

[ 2014-04-24T09:02:34+08:00 ] 127.0.0.1 /ITrecord/index.php/Wxjl/newrecord.html
INFO: [ route_check ] --START--
INFO: CheckRoute Behavior ::run [ RunTime:0.000000s ]
INFO: [ route_check ] --END-- [ RunTime:0.000000s ]
INFO: [ app_begin ] --START--
INFO: ReadHtmlCache Behavior ::run [ RunTime:0.000000s ]
INFO: [ app_begin ] --END-- [ RunTime:0.000000s ]
NOTIC: [8] Use of undefined constant htmlspecialchars - assumed 'htmlspecialchars' C:\wamp\www\ITrecord\App\Lib\Action\WxjlAction.class.php 第 16 行.
NOTIC: [8] Use of undefined constant htmlspecialchars - assumed 'htmlspecialchars' C:\wamp\www\ITrecord\App\Lib\Action\WxjlAction.class.php 第 17 行.
NOTIC: [8] Use of undefined constant htmlspecialchars - assumed 'htmlspecialchars' C:\wamp\www\ITrecord\App\Lib\Action\WxjlAction.class.php 第 18 行.
NOTIC: [8] Use of undefined constant htmlspecialchars - assumed 'htmlspecialchars' C:\wamp\www\ITrecord\App\Lib\Action\WxjlAction.class.php 第 19 行.
NOTIC: [8] Use of undefined constant htmlspecialchars - assumed 'htmlspecialchars' C:\wamp\www\ITrecord\App\Lib\Action\WxjlAction.class.php 第 20 行.

[ 2014-04-24T09:02:56+08:00 ] 127.0.0.1 /ITrecord/
INFO: [ app_begin ] --START--
INFO: ReadHtmlCache Behavior ::run [ RunTime:0.000000s ]
INFO: [ app_begin ] --END-- [ RunTime:0.000000s ]
INFO: [ view_parse ] --START--
INFO: ParseTemplate Behavior ::run [ RunTime:0.031250s ]
INFO: [ view_parse ] --END-- [ RunTime:0.031250s ]
INFO: [ view_filter ] --START--
INFO: ContentReplace Behavior ::run [ RunTime:0.000000s ]
INFO: TokenBuild Behavior ::run [ RunTime:0.015625s ]
INFO: WriteHtmlCache Behavior ::run [ RunTime:0.000000s ]
INFO: ShowRuntime Behavior ::run [ RunTime:0.000000s ]
INFO: [ view_filter ] --END-- [ RunTime:0.015625s ]
INFO: [ view_end ] --START--
INFO: ShowPageTrace Behavior ::run [ RunTime:0.000000s ]
INFO: [ view_end ] --END-- [ RunTime:0.000000s ]

[ 2014-04-24T09:02:58+08:00 ] 127.0.0.1 /ITrecord/
INFO: [ app_begin ] --START--
INFO: ReadHtmlCache Behavior ::run [ RunTime:0.000000s ]
INFO: [ app_begin ] --END-- [ RunTime:0.015625s ]
INFO: [ view_parse ] --START--
INFO: ParseTemplate Behavior ::run [ RunTime:0.046875s ]
INFO: [ view_parse ] --END-- [ RunTime:0.046875s ]
INFO: [ view_filter ] --START--
INFO: ContentReplace Behavior ::run [ RunTime:0.000000s ]
INFO: TokenBuild Behavior ::run [ RunTime:0.015625s ]
INFO: WriteHtmlCache Behavior ::run [ RunTime:0.000000s ]
INFO: ShowRuntime Behavior ::run [ RunTime:0.000000s ]
INFO: [ view_filter ] --END-- [ RunTime:0.015625s ]
INFO: [ view_end ] --START--
INFO: ShowPageTrace Behavior ::run [ RunTime:0.000000s ]
INFO: [ view_end ] --END-- [ RunTime:0.000000s ]

[ 2014-04-24T09:02:59+08:00 ] 127.0.0.1 /ITrecord/index.php/Index/wxjl.html?_=1398301377308
INFO: [ route_check ] --START--
INFO: CheckRoute Behavior ::run [ RunTime:0.000000s ]
INFO: [ route_check ] --END-- [ RunTime:0.000000s ]
INFO: [ app_begin ] --START--
INFO: ReadHtmlCache Behavior ::run [ RunTime:0.000000s ]
INFO: [ app_begin ] --END-- [ RunTime:0.000000s ]
NOTIC: [8] Constant THEME_NAME already defined C:\wamp\www\ThinkPHP\Lib\Core\View.class.php 第 223 行.
NOTIC: [8] Constant THEME_PATH already defined C:\wamp\www\ThinkPHP\Lib\Core\View.class.php 第 174 行.
NOTIC: [8] Constant APP_TMPL_PATH already defined C:\wamp\www\ThinkPHP\Lib\Core\View.class.php 第 175 行.
INFO: [ view_parse ] --START--
INFO: ParseTemplate Behavior ::run [ RunTime:0.046875s ]
INFO: [ view_parse ] --END-- [ RunTime:0.046875s ]
INFO: [ view_filter ] --START--
INFO: ContentReplace Behavior ::run [ RunTime:0.000000s ]
INFO: TokenBuild Behavior ::run [ RunTime:0.000000s ]
INFO: WriteHtmlCache Behavior ::run [ RunTime:0.000000s ]
INFO: ShowRuntime Behavior ::run [ RunTime:0.015625s ]
INFO: [ view_filter ] --END-- [ RunTime:0.015625s ]
INFO: [ view_end ] --START--
INFO: ShowPageTrace Behavior ::run [ RunTime:0.000000s ]
INFO: [ view_end ] --END-- [ RunTime:0.000000s ]

[ 2014-04-24T09:03:00+08:00 ] 127.0.0.1 /ITrecord/index.php/Wxjl/index.html?page=1&rows=10
INFO: [ route_check ] --START--
INFO: CheckRoute Behavior ::run [ RunTime:0.000000s ]
INFO: [ route_check ] --END-- [ RunTime:0.015625s ]
INFO: [ app_begin ] --START--
INFO: ReadHtmlCache Behavior ::run [ RunTime:0.000000s ]
INFO: [ app_begin ] --END-- [ RunTime:0.000000s ]
SQL: SHOW COLUMNS FROM `yf_wxjl` [ RunTime:0.015625s ]
SQL: SELECT * FROM `yf_wxjl`  [ RunTime:0.000000s ]

[ 2014-04-24T09:03:19+08:00 ] 127.0.0.1 /ITrecord/index.php/Wxjl/newrecord.html
INFO: [ route_check ] --START--
INFO: CheckRoute Behavior ::run [ RunTime:0.000000s ]
INFO: [ route_check ] --END-- [ RunTime:0.000000s ]
INFO: [ app_begin ] --START--
INFO: ReadHtmlCache Behavior ::run [ RunTime:0.015625s ]
INFO: [ app_begin ] --END-- [ RunTime:0.015625s ]
NOTIC: [8] Use of undefined constant htmlspecialchars - assumed 'htmlspecialchars' C:\wamp\www\ITrecord\App\Lib\Action\WxjlAction.class.php 第 16 行.
NOTIC: [8] Use of undefined constant htmlspecialchars - assumed 'htmlspecialchars' C:\wamp\www\ITrecord\App\Lib\Action\WxjlAction.class.php 第 17 行.
NOTIC: [8] Use of undefined constant htmlspecialchars - assumed 'htmlspecialchars' C:\wamp\www\ITrecord\App\Lib\Action\WxjlAction.class.php 第 18 行.
NOTIC: [8] Use of undefined constant htmlspecialchars - assumed 'htmlspecialchars' C:\wamp\www\ITrecord\App\Lib\Action\WxjlAction.class.php 第 19 行.
NOTIC: [8] Use of undefined constant htmlspecialchars - assumed 'htmlspecialchars' C:\wamp\www\ITrecord\App\Lib\Action\WxjlAction.class.php 第 20 行.
SQL: SHOW COLUMNS FROM `yf_wxjl` [ RunTime:0.015625s ]
SQL: INSERT INTO `yf_wxjl` (`bxr`,`gzqk`,`clr`,`clqk`,`clsj`,`wxbz`) VALUES ('张三','死机','王五','删除',1396454400,'') [ RunTime:0.000000s ]

[ 2014-04-24T09:04:06+08:00 ] 127.0.0.1 /ITrecord/
INFO: [ app_begin ] --START--
INFO: ReadHtmlCache Behavior ::run [ RunTime:0.000000s ]
INFO: [ app_begin ] --END-- [ RunTime:0.000000s ]
INFO: [ view_parse ] --START--
INFO: ParseTemplate Behavior ::run [ RunTime:0.046875s ]
INFO: [ view_parse ] --END-- [ RunTime:0.046875s ]
INFO: [ view_filter ] --START--
INFO: ContentReplace Behavior ::run [ RunTime:0.000000s ]
INFO: TokenBuild Behavior ::run [ RunTime:0.000000s ]
INFO: WriteHtmlCache Behavior ::run [ RunTime:0.000000s ]
INFO: ShowRuntime Behavior ::run [ RunTime:0.000000s ]
INFO: [ view_filter ] --END-- [ RunTime:0.000000s ]
INFO: [ view_end ] --START--
INFO: ShowPageTrace Behavior ::run [ RunTime:0.000000s ]
INFO: [ view_end ] --END-- [ RunTime:0.015625s ]

[ 2014-04-24T09:04:08+08:00 ] 127.0.0.1 /ITrecord/
INFO: [ app_begin ] --START--
INFO: ReadHtmlCache Behavior ::run [ RunTime:0.000000s ]
INFO: [ app_begin ] --END-- [ RunTime:0.000000s ]
INFO: [ view_parse ] --START--
INFO: ParseTemplate Behavior ::run [ RunTime:0.046875s ]
INFO: [ view_parse ] --END-- [ RunTime:0.046875s ]
INFO: [ view_filter ] --START--
INFO: ContentReplace Behavior ::run [ RunTime:0.000000s ]
INFO: TokenBuild Behavior ::run [ RunTime:0.015625s ]
INFO: WriteHtmlCache Behavior ::run [ RunTime:0.000000s ]
INFO: ShowRuntime Behavior ::run [ RunTime:0.000000s ]
INFO: [ view_filter ] --END-- [ RunTime:0.015625s ]
INFO: [ view_end ] --START--
INFO: ShowPageTrace Behavior ::run [ RunTime:0.000000s ]
INFO: [ view_end ] --END-- [ RunTime:0.000000s ]

[ 2014-04-24T09:04:09+08:00 ] 127.0.0.1 /ITrecord/index.php/Index/wxjl.html?_=1398301447550
INFO: [ route_check ] --START--
INFO: CheckRoute Behavior ::run [ RunTime:0.000000s ]
INFO: [ route_check ] --END-- [ RunTime:0.000000s ]
INFO: [ app_begin ] --START--
INFO: ReadHtmlCache Behavior ::run [ RunTime:0.000000s ]
INFO: [ app_begin ] --END-- [ RunTime:0.000000s ]
NOTIC: [8] Constant THEME_NAME already defined C:\wamp\www\ThinkPHP\Lib\Core\View.class.php 第 223 行.
NOTIC: [8] Constant THEME_PATH already defined C:\wamp\www\ThinkPHP\Lib\Core\View.class.php 第 174 行.
NOTIC: [8] Constant APP_TMPL_PATH already defined C:\wamp\www\ThinkPHP\Lib\Core\View.class.php 第 175 行.
INFO: [ view_parse ] --START--
INFO: ParseTemplate Behavior ::run [ RunTime:0.046875s ]
INFO: [ view_parse ] --END-- [ RunTime:0.046875s ]
INFO: [ view_filter ] --START--
INFO: ContentReplace Behavior ::run [ RunTime:0.000000s ]
INFO: TokenBuild Behavior ::run [ RunTime:0.000000s ]
INFO: WriteHtmlCache Behavior ::run [ RunTime:0.000000s ]
INFO: ShowRuntime Behavior ::run [ RunTime:0.000000s ]
INFO: [ view_filter ] --END-- [ RunTime:0.000000s ]
INFO: [ view_end ] --START--
INFO: ShowPageTrace Behavior ::run [ RunTime:0.015625s ]
INFO: [ view_end ] --END-- [ RunTime:0.015625s ]

[ 2014-04-24T09:04:10+08:00 ] 127.0.0.1 /ITrecord/index.php/Wxjl/index.html?page=1&rows=10
INFO: [ route_check ] --START--
INFO: CheckRoute Behavior ::run [ RunTime:0.015625s ]
INFO: [ route_check ] --END-- [ RunTime:0.015625s ]
INFO: [ app_begin ] --START--
INFO: ReadHtmlCache Behavior ::run [ RunTime:0.000000s ]
INFO: [ app_begin ] --END-- [ RunTime:0.000000s ]
SQL: SHOW COLUMNS FROM `yf_wxjl` [ RunTime:0.000000s ]
SQL: SELECT * FROM `yf_wxjl`  [ RunTime:0.000000s ]

[ 2014-04-24T09:04:38+08:00 ] 127.0.0.1 /ITrecord/index.php/Wxjl/newrecord.html
INFO: [ route_check ] --START--
INFO: CheckRoute Behavior ::run [ RunTime:0.000000s ]
INFO: [ route_check ] --END-- [ RunTime:0.015625s ]
INFO: [ app_begin ] --START--
INFO: ReadHtmlCache Behavior ::run [ RunTime:0.000000s ]
INFO: [ app_begin ] --END-- [ RunTime:0.000000s ]
NOTIC: [8] Use of undefined constant htmlspecialchars - assumed 'htmlspecialchars' C:\wamp\www\ITrecord\App\Lib\Action\WxjlAction.class.php 第 16 行.
NOTIC: [8] Use of undefined constant htmlspecialchars - assumed 'htmlspecialchars' C:\wamp\www\ITrecord\App\Lib\Action\WxjlAction.class.php 第 17 行.
NOTIC: [8] Use of undefined constant htmlspecialchars - assumed 'htmlspecialchars' C:\wamp\www\ITrecord\App\Lib\Action\WxjlAction.class.php 第 18 行.
NOTIC: [8] Use of undefined constant htmlspecialchars - assumed 'htmlspecialchars' C:\wamp\www\ITrecord\App\Lib\Action\WxjlAction.class.php 第 19 行.
NOTIC: [8] Use of undefined constant htmlspecialchars - assumed 'htmlspecialchars' C:\wamp\www\ITrecord\App\Lib\Action\WxjlAction.class.php 第 20 行.
SQL: SHOW COLUMNS FROM `yf_wxjl` [ RunTime:0.000000s ]
SQL: INSERT INTO `yf_wxjl` (`bxr`,`gzqk`,`clr`,`clqk`,`clsj`,`wxbz`) VALUES ('abc','msn','cba','aaa',1397577600,'') [ RunTime:0.000000s ]

[ 2014-04-24T09:04:49+08:00 ] 127.0.0.1 /ITrecord/index.php/Wxjl/index.html?page=1&rows=10
INFO: [ route_check ] --START--
INFO: CheckRoute Behavior ::run [ RunTime:0.015625s ]
INFO: [ route_check ] --END-- [ RunTime:0.015625s ]
INFO: [ app_begin ] --START--
INFO: ReadHtmlCache Behavior ::run [ RunTime:0.000000s ]
INFO: [ app_begin ] --END-- [ RunTime:0.000000s ]
SQL: SHOW COLUMNS FROM `yf_wxjl` [ RunTime:0.015625s ]
SQL: SELECT * FROM `yf_wxjl`  [ RunTime:0.000000s ]

[ 2014-04-24T09:06:53+08:00 ] 127.0.0.1 /ITrecord/
INFO: [ app_begin ] --START--
INFO: ReadHtmlCache Behavior ::run [ RunTime:0.015625s ]
INFO: [ app_begin ] --END-- [ RunTime:0.015625s ]
INFO: [ view_parse ] --START--
INFO: ParseTemplate Behavior ::run [ RunTime:0.046875s ]
INFO: [ view_parse ] --END-- [ RunTime:0.046875s ]
INFO: [ view_filter ] --START--
INFO: ContentReplace Behavior ::run [ RunTime:0.000000s ]
INFO: TokenBuild Behavior ::run [ RunTime:0.000000s ]
INFO: WriteHtmlCache Behavior ::run [ RunTime:0.000000s ]
INFO: ShowRuntime Behavior ::run [ RunTime:0.015625s ]
INFO: [ view_filter ] --END-- [ RunTime:0.015625s ]
INFO: [ view_end ] --START--
INFO: ShowPageTrace Behavior ::run [ RunTime:0.000000s ]
INFO: [ view_end ] --END-- [ RunTime:0.000000s ]

[ 2014-04-24T09:06:56+08:00 ] 127.0.0.1 /ITrecord/
INFO: [ app_begin ] --START--
INFO: ReadHtmlCache Behavior ::run [ RunTime:0.000000s ]
INFO: [ app_begin ] --END-- [ RunTime:0.000000s ]
INFO: [ view_parse ] --START--
INFO: ParseTemplate Behavior ::run [ RunTime:0.046875s ]
INFO: [ view_parse ] --END-- [ RunTime:0.046875s ]
INFO: [ view_filter ] --START--
INFO: ContentReplace Behavior ::run [ RunTime:0.000000s ]
INFO: TokenBuild Behavior ::run [ RunTime:0.015625s ]
INFO: WriteHtmlCache Behavior ::run [ RunTime:0.000000s ]
INFO: ShowRuntime Behavior ::run [ RunTime:0.000000s ]
INFO: [ view_filter ] --END-- [ RunTime:0.015625s ]
INFO: [ view_end ] --START--
INFO: ShowPageTrace Behavior ::run [ RunTime:0.000000s ]
INFO: [ view_end ] --END-- [ RunTime:0.000000s ]

[ 2014-04-24T09:06:56+08:00 ] 127.0.0.1 /ITrecord/index.php/Index/wxjl.html?_=1398301615075
INFO: [ route_check ] --START--
INFO: CheckRoute Behavior ::run [ RunTime:0.015625s ]
INFO: [ route_check ] --END-- [ RunTime:0.015625s ]
INFO: [ app_begin ] --START--
INFO: ReadHtmlCache Behavior ::run [ RunTime:0.000000s ]
INFO: [ app_begin ] --END-- [ RunTime:0.000000s ]
NOTIC: [8] Constant THEME_NAME already defined C:\wamp\www\ThinkPHP\Lib\Core\View.class.php 第 223 行.
NOTIC: [8] Constant THEME_PATH already defined C:\wamp\www\ThinkPHP\Lib\Core\View.class.php 第 174 行.
NOTIC: [8] Constant APP_TMPL_PATH already defined C:\wamp\www\ThinkPHP\Lib\Core\View.class.php 第 175 行.
INFO: [ view_parse ] --START--
INFO: ParseTemplate Behavior ::run [ RunTime:0.046875s ]
INFO: [ view_parse ] --END-- [ RunTime:0.046875s ]
INFO: [ view_filter ] --START--
INFO: ContentReplace Behavior ::run [ RunTime:0.000000s ]
INFO: TokenBuild Behavior ::run [ RunTime:0.000000s ]
INFO: WriteHtmlCache Behavior ::run [ RunTime:0.000000s ]
INFO: ShowRuntime Behavior ::run [ RunTime:0.000000s ]
INFO: [ view_filter ] --END-- [ RunTime:0.000000s ]
INFO: [ view_end ] --START--
INFO: ShowPageTrace Behavior ::run [ RunTime:0.015625s ]
INFO: [ view_end ] --END-- [ RunTime:0.015625s ]

[ 2014-04-24T09:06:58+08:00 ] 127.0.0.1 /ITrecord/index.php/Wxjl/index.html?page=1&rows=10
INFO: [ route_check ] --START--
INFO: CheckRoute Behavior ::run [ RunTime:0.000000s ]
INFO: [ route_check ] --END-- [ RunTime:0.000000s ]
INFO: [ app_begin ] --START--
INFO: ReadHtmlCache Behavior ::run [ RunTime:0.000000s ]
INFO: [ app_begin ] --END-- [ RunTime:0.000000s ]
SQL: SHOW COLUMNS FROM `yf_wxjl` [ RunTime:0.000000s ]
SQL: SELECT * FROM `yf_wxjl`  [ RunTime:0.015625s ]

[ 2014-04-24T09:07:01+08:00 ] 127.0.0.1 /ITrecord/index.php/Wxjl/newrecord.html
INFO: [ route_check ] --START--
INFO: CheckRoute Behavior ::run [ RunTime:0.015625s ]
INFO: [ route_check ] --END-- [ RunTime:0.015625s ]
INFO: [ app_begin ] --START--
INFO: ReadHtmlCache Behavior ::run [ RunTime:0.000000s ]
INFO: [ app_begin ] --END-- [ RunTime:0.000000s ]

[ 2014-04-24T09:07:01+08:00 ] 127.0.0.1 /ITrecord/index.php/Wxjl/index.html?page=1&rows=10
INFO: [ route_check ] --START--
INFO: CheckRoute Behavior ::run [ RunTime:0.000000s ]
INFO: [ route_check ] --END-- [ RunTime:0.000000s ]
INFO: [ app_begin ] --START--
INFO: ReadHtmlCache Behavior ::run [ RunTime:0.000000s ]
INFO: [ app_begin ] --END-- [ RunTime:0.000000s ]
SQL: SHOW COLUMNS FROM `yf_wxjl` [ RunTime:0.015625s ]
SQL: SELECT * FROM `yf_wxjl`  [ RunTime:0.000000s ]

[ 2014-04-24T09:07:46+08:00 ] 127.0.0.1 /ITrecord/
INFO: [ app_begin ] --START--
INFO: ReadHtmlCache Behavior ::run [ RunTime:0.000000s ]
INFO: [ app_begin ] --END-- [ RunTime:0.000000s ]
INFO: [ view_parse ] --START--
INFO: ParseTemplate Behavior ::run [ RunTime:0.062500s ]
INFO: [ view_parse ] --END-- [ RunTime:0.062500s ]
INFO: [ view_filter ] --START--
INFO: ContentReplace Behavior ::run [ RunTime:0.000000s ]
INFO: TokenBuild Behavior ::run [ RunTime:0.000000s ]
INFO: WriteHtmlCache Behavior ::run [ RunTime:0.000000s ]
INFO: ShowRuntime Behavior ::run [ RunTime:0.000000s ]
INFO: [ view_filter ] --END-- [ RunTime:0.015625s ]
INFO: [ view_end ] --START--
INFO: ShowPageTrace Behavior ::run [ RunTime:0.000000s ]
INFO: [ view_end ] --END-- [ RunTime:0.000000s ]

[ 2014-04-24T09:07:50+08:00 ] 127.0.0.1 /ITrecord/
INFO: [ app_begin ] --START--
INFO: ReadHtmlCache Behavior ::run [ RunTime:0.000000s ]
INFO: [ app_begin ] --END-- [ RunTime:0.000000s ]
INFO: [ view_parse ] --START--
INFO: ParseTemplate Behavior ::run [ RunTime:0.046875s ]
INFO: [ view_parse ] --END-- [ RunTime:0.046875s ]
INFO: [ view_filter ] --START--
INFO: ContentReplace Behavior ::run [ RunTime:0.000000s ]
INFO: TokenBuild Behavior ::run [ RunTime:0.000000s ]
INFO: WriteHtmlCache Behavior ::run [ RunTime:0.000000s ]
INFO: ShowRuntime Behavior ::run [ RunTime:0.000000s ]
INFO: [ view_filter ] --END-- [ RunTime:0.000000s ]
INFO: [ view_end ] --START--
INFO: ShowPageTrace Behavior ::run [ RunTime:0.015625s ]
INFO: [ view_end ] --END-- [ RunTime:0.015625s ]

[ 2014-04-24T09:07:52+08:00 ] 127.0.0.1 /ITrecord/index.php/Index/wxjl.html?_=1398301668343
INFO: [ route_check ] --START--
INFO: CheckRoute Behavior ::run [ RunTime:0.000000s ]
INFO: [ route_check ] --END-- [ RunTime:0.000000s ]
INFO: [ app_begin ] --START--
INFO: ReadHtmlCache Behavior ::run [ RunTime:0.000000s ]
INFO: [ app_begin ] --END-- [ RunTime:0.000000s ]
NOTIC: [8] Constant THEME_NAME already defined C:\wamp\www\ThinkPHP\Lib\Core\View.class.php 第 223 行.
NOTIC: [8] Constant THEME_PATH already defined C:\wamp\www\ThinkPHP\Lib\Core\View.class.php 第 174 行.
NOTIC: [8] Constant APP_TMPL_PATH already defined C:\wamp\www\ThinkPHP\Lib\Core\View.class.php 第 175 行.
INFO: [ view_parse ] --START--
INFO: ParseTemplate Behavior ::run [ RunTime:0.046875s ]
INFO: [ view_parse ] --END-- [ RunTime:0.046875s ]
INFO: [ view_filter ] --START--
INFO: ContentReplace Behavior ::run [ RunTime:0.000000s ]
INFO: TokenBuild Behavior ::run [ RunTime:0.000000s ]
INFO: WriteHtmlCache Behavior ::run [ RunTime:0.000000s ]
INFO: ShowRuntime Behavior ::run [ RunTime:0.000000s ]
INFO: [ view_filter ] --END-- [ RunTime:0.000000s ]
INFO: [ view_end ] --START--
INFO: ShowPageTrace Behavior ::run [ RunTime:0.015625s ]
INFO: [ view_end ] --END-- [ RunTime:0.015625s ]

[ 2014-04-24T09:07:53+08:00 ] 127.0.0.1 /ITrecord/index.php/Wxjl/index.html?page=1&rows=10
INFO: [ route_check ] --START--
INFO: CheckRoute Behavior ::run [ RunTime:0.000000s ]
INFO: [ route_check ] --END-- [ RunTime:0.000000s ]
INFO: [ app_begin ] --START--
INFO: ReadHtmlCache Behavior ::run [ RunTime:0.000000s ]
INFO: [ app_begin ] --END-- [ RunTime:0.000000s ]
SQL: SHOW COLUMNS FROM `yf_wxjl` [ RunTime:0.015625s ]
SQL: SELECT * FROM `yf_wxjl`  [ RunTime:0.000000s ]

[ 2014-04-24T09:07:56+08:00 ] 127.0.0.1 /ITrecord/index.php/Wxjl/newrecord.html
INFO: [ route_check ] --START--
INFO: CheckRoute Behavior ::run [ RunTime:0.000000s ]
INFO: [ route_check ] --END-- [ RunTime:0.000000s ]
INFO: [ app_begin ] --START--
INFO: ReadHtmlCache Behavior ::run [ RunTime:0.000000s ]
INFO: [ app_begin ] --END-- [ RunTime:0.000000s ]

[ 2014-04-24T09:08:28+08:00 ] 127.0.0.1 /ITrecord/index.php/Wxjl/newrecord.html
INFO: [ route_check ] --START--
INFO: CheckRoute Behavior ::run [ RunTime:0.015625s ]
INFO: [ route_check ] --END-- [ RunTime:0.015625s ]
INFO: [ app_begin ] --START--
INFO: ReadHtmlCache Behavior ::run [ RunTime:0.000000s ]
INFO: [ app_begin ] --END-- [ RunTime:0.000000s ]
NOTIC: [8] Use of undefined constant htmlspecialchars - assumed 'htmlspecialchars' C:\wamp\www\ITrecord\App\Lib\Action\WxjlAction.class.php 第 16 行.
NOTIC: [8] Use of undefined constant htmlspecialchars - assumed 'htmlspecialchars' C:\wamp\www\ITrecord\App\Lib\Action\WxjlAction.class.php 第 17 行.
NOTIC: [8] Use of undefined constant htmlspecialchars - assumed 'htmlspecialchars' C:\wamp\www\ITrecord\App\Lib\Action\WxjlAction.class.php 第 18 行.
NOTIC: [8] Use of undefined constant htmlspecialchars - assumed 'htmlspecialchars' C:\wamp\www\ITrecord\App\Lib\Action\WxjlAction.class.php 第 19 行.
NOTIC: [8] Use of undefined constant htmlspecialchars - assumed 'htmlspecialchars' C:\wamp\www\ITrecord\App\Lib\Action\WxjlAction.class.php 第 20 行.
SQL: SHOW COLUMNS FROM `yf_wxjl` [ RunTime:0.015625s ]
SQL: INSERT INTO `yf_wxjl` (`bxr`,`gzqk`,`clr`,`clqk`,`clsj`,`wxbz`) VALUES ('王五','office','三四','装',1397664000,'') [ RunTime:0.015625s ]

[ 2014-04-24T09:08:34+08:00 ] 127.0.0.1 /ITrecord/index.php/Wxjl/newrecord.html
INFO: [ route_check ] --START--
INFO: CheckRoute Behavior ::run [ RunTime:0.000000s ]
INFO: [ route_check ] --END-- [ RunTime:0.000000s ]
INFO: [ app_begin ] --START--
INFO: ReadHtmlCache Behavior ::run [ RunTime:0.015625s ]
INFO: [ app_begin ] --END-- [ RunTime:0.015625s ]
NOTIC: [8] Use of undefined constant htmlspecialchars - assumed 'htmlspecialchars' C:\wamp\www\ITrecord\App\Lib\Action\WxjlAction.class.php 第 16 行.
NOTIC: [8] Use of undefined constant htmlspecialchars - assumed 'htmlspecialchars' C:\wamp\www\ITrecord\App\Lib\Action\WxjlAction.class.php 第 17 行.
NOTIC: [8] Use of undefined constant htmlspecialchars - assumed 'htmlspecialchars' C:\wamp\www\ITrecord\App\Lib\Action\WxjlAction.class.php 第 18 行.
NOTIC: [8] Use of undefined constant htmlspecialchars - assumed 'htmlspecialchars' C:\wamp\www\ITrecord\App\Lib\Action\WxjlAction.class.php 第 19 行.
NOTIC: [8] Use of undefined constant htmlspecialchars - assumed 'htmlspecialchars' C:\wamp\www\ITrecord\App\Lib\Action\WxjlAction.class.php 第 20 行.
SQL: SHOW COLUMNS FROM `yf_wxjl` [ RunTime:0.000000s ]
SQL: INSERT INTO `yf_wxjl` (`bxr`,`gzqk`,`clr`,`clqk`,`clsj`,`wxbz`) VALUES ('王五','office','三四','装',1397664000,'') [ RunTime:0.000000s ]

[ 2014-04-24T09:08:43+08:00 ] 127.0.0.1 /ITrecord/
INFO: [ app_begin ] --START--
INFO: ReadHtmlCache Behavior ::run [ RunTime:0.000000s ]
INFO: [ app_begin ] --END-- [ RunTime:0.000000s ]
INFO: [ view_parse ] --START--
INFO: ParseTemplate Behavior ::run [ RunTime:0.031250s ]
INFO: [ view_parse ] --END-- [ RunTime:0.031250s ]
INFO: [ view_filter ] --START--
INFO: ContentReplace Behavior ::run [ RunTime:0.000000s ]
INFO: TokenBuild Behavior ::run [ RunTime:0.000000s ]
INFO: WriteHtmlCache Behavior ::run [ RunTime:0.000000s ]
INFO: ShowRuntime Behavior ::run [ RunTime:0.015625s ]
INFO: [ view_filter ] --END-- [ RunTime:0.015625s ]
INFO: [ view_end ] --START--
INFO: ShowPageTrace Behavior ::run [ RunTime:0.000000s ]
INFO: [ view_end ] --END-- [ RunTime:0.000000s ]

[ 2014-04-24T09:08:45+08:00 ] 127.0.0.1 /ITrecord/
INFO: [ app_begin ] --START--
INFO: ReadHtmlCache Behavior ::run [ RunTime:0.015625s ]
INFO: [ app_begin ] --END-- [ RunTime:0.015625s ]
INFO: [ view_parse ] --START--
INFO: ParseTemplate Behavior ::run [ RunTime:0.046875s ]
INFO: [ view_parse ] --END-- [ RunTime:0.046875s ]
INFO: [ view_filter ] --START--
INFO: ContentReplace Behavior ::run [ RunTime:0.000000s ]
INFO: TokenBuild Behavior ::run [ RunTime:0.000000s ]
INFO: WriteHtmlCache Behavior ::run [ RunTime:0.000000s ]
INFO: ShowRuntime Behavior ::run [ RunTime:0.000000s ]
INFO: [ view_filter ] --END-- [ RunTime:0.000000s ]
INFO: [ view_end ] --START--
INFO: ShowPageTrace Behavior ::run [ RunTime:0.000000s ]
INFO: [ view_end ] --END-- [ RunTime:0.000000s ]

[ 2014-04-24T09:08:46+08:00 ] 127.0.0.1 /ITrecord/index.php/Index/wxjl.html?_=1398301724122
INFO: [ route_check ] --START--
INFO: CheckRoute Behavior ::run [ RunTime:0.000000s ]
INFO: [ route_check ] --END-- [ RunTime:0.000000s ]
INFO: [ app_begin ] --START--
INFO: ReadHtmlCache Behavior ::run [ RunTime:0.000000s ]
INFO: [ app_begin ] --END-- [ RunTime:0.000000s ]
NOTIC: [8] Constant THEME_NAME already defined C:\wamp\www\ThinkPHP\Lib\Core\View.class.php 第 223 行.
NOTIC: [8] Constant THEME_PATH already defined C:\wamp\www\ThinkPHP\Lib\Core\View.class.php 第 174 行.
NOTIC: [8] Constant APP_TMPL_PATH already defined C:\wamp\www\ThinkPHP\Lib\Core\View.class.php 第 175 行.
INFO: [ view_parse ] --START--
INFO: ParseTemplate Behavior ::run [ RunTime:0.031250s ]
INFO: [ view_parse ] --END-- [ RunTime:0.031250s ]
INFO: [ view_filter ] --START--
INFO: ContentReplace Behavior ::run [ RunTime:0.000000s ]
INFO: TokenBuild Behavior ::run [ RunTime:0.000000s ]
INFO: WriteHtmlCache Behavior ::run [ RunTime:0.000000s ]
INFO: ShowRuntime Behavior ::run [ RunTime:0.015625s ]
INFO: [ view_filter ] --END-- [ RunTime:0.015625s ]
INFO: [ view_end ] --START--
INFO: ShowPageTrace Behavior ::run [ RunTime:0.000000s ]
INFO: [ view_end ] --END-- [ RunTime:0.000000s ]

[ 2014-04-24T09:08:47+08:00 ] 127.0.0.1 /ITrecord/index.php/Wxjl/index.html?page=1&rows=10
INFO: [ route_check ] --START--
INFO: CheckRoute Behavior ::run [ RunTime:0.000000s ]
INFO: [ route_check ] --END-- [ RunTime:0.000000s ]
INFO: [ app_begin ] --START--
INFO: ReadHtmlCache Behavior ::run [ RunTime:0.000000s ]
INFO: [ app_begin ] --END-- [ RunTime:0.000000s ]
SQL: SHOW COLUMNS FROM `yf_wxjl` [ RunTime:0.015625s ]
SQL: SELECT * FROM `yf_wxjl`  [ RunTime:0.000000s ]

[ 2014-04-24T09:09:31+08:00 ] 127.0.0.1 /ITrecord/index.php/Wxjl/index.html?page=1&rows=10
INFO: [ route_check ] --START--
INFO: CheckRoute Behavior ::run [ RunTime:0.000000s ]
INFO: [ route_check ] --END-- [ RunTime:0.000000s ]
INFO: [ app_begin ] --START--
INFO: ReadHtmlCache Behavior ::run [ RunTime:0.000000s ]
INFO: [ app_begin ] --END-- [ RunTime:0.000000s ]
SQL: SHOW COLUMNS FROM `yf_wxjl` [ RunTime:0.031250s ]
SQL: SELECT * FROM `yf_wxjl`  [ RunTime:0.000000s ]

[ 2014-04-24T18:35:09+08:00 ] 127.0.0.1 /ITmanage/
INFO: [ app_begin ] --START--
INFO: ReadHtmlCache Behavior ::run [ RunTime:0.000000s ]
INFO: [ app_begin ] --END-- [ RunTime:0.046875s ]
NOTIC: [8] Undefined offset: 1 D:\wamp\www\ThinkPHP\Extend\Driver\Session\SessionDb.class.php 第 129 行.
NOTIC: [2] mysql_query() expects parameter 2 to be resource, null given D:\wamp\www\ThinkPHP\Extend\Driver\Session\SessionDb.class.php 第 130 行.
INFO: [ view_parse ] --START--
INFO: ParseTemplate Behavior ::run [ RunTime:0.015625s ]
INFO: [ view_parse ] --END-- [ RunTime:0.015625s ]
INFO: [ view_filter ] --START--
INFO: ContentReplace Behavior ::run [ RunTime:0.000000s ]
INFO: TokenBuild Behavior ::run [ RunTime:0.000000s ]
INFO: WriteHtmlCache Behavior ::run [ RunTime:0.000000s ]
INFO: ShowRuntime Behavior ::run [ RunTime:0.015625s ]
INFO: [ view_filter ] --END-- [ RunTime:0.015625s ]
INFO: [ view_end ] --START--
INFO: ShowPageTrace Behavior ::run [ RunTime:0.000000s ]
INFO: [ view_end ] --END-- [ RunTime:0.000000s ]

[ 2014-04-24T18:35:11+08:00 ] 127.0.0.1 /ITmanage/index.php/Index/wxjl.html?_=1398335709697
INFO: [ route_check ] --START--
INFO: CheckRoute Behavior ::run [ RunTime:0.000000s ]
INFO: [ route_check ] --END-- [ RunTime:0.000000s ]
INFO: [ app_begin ] --START--
INFO: ReadHtmlCache Behavior ::run [ RunTime:0.000000s ]
INFO: [ app_begin ] --END-- [ RunTime:0.000000s ]
NOTIC: [8] Undefined offset: 1 D:\wamp\www\ThinkPHP\Extend\Driver\Session\SessionDb.class.php 第 129 行.
NOTIC: [2] mysql_query() expects parameter 2 to be resource, null given D:\wamp\www\ThinkPHP\Extend\Driver\Session\SessionDb.class.php 第 130 行.
NOTIC: [8] Constant THEME_NAME already defined D:\wamp\www\ThinkPHP\Lib\Core\View.class.php 第 223 行.
NOTIC: [8] Constant THEME_PATH already defined D:\wamp\www\ThinkPHP\Lib\Core\View.class.php 第 174 行.
NOTIC: [8] Constant APP_TMPL_PATH already defined D:\wamp\www\ThinkPHP\Lib\Core\View.class.php 第 175 行.
INFO: [ view_parse ] --START--
INFO: ParseTemplate Behavior ::run [ RunTime:0.015625s ]
INFO: [ view_parse ] --END-- [ RunTime:0.015625s ]
INFO: [ view_filter ] --START--
INFO: ContentReplace Behavior ::run [ RunTime:0.000000s ]
INFO: TokenBuild Behavior ::run [ RunTime:0.000000s ]
INFO: WriteHtmlCache Behavior ::run [ RunTime:0.000000s ]
INFO: ShowRuntime Behavior ::run [ RunTime:0.000000s ]
INFO: [ view_filter ] --END-- [ RunTime:0.000000s ]
INFO: [ view_end ] --START--
INFO: ShowPageTrace Behavior ::run [ RunTime:0.000000s ]
INFO: [ view_end ] --END-- [ RunTime:0.000000s ]

[ 2014-04-24T18:35:11+08:00 ] 127.0.0.1 /ITmanage/index.php/Wxjl/index.html?page=1&rows=10
INFO: [ route_check ] --START--
INFO: CheckRoute Behavior ::run [ RunTime:0.000000s ]
INFO: [ route_check ] --END-- [ RunTime:0.000000s ]
INFO: [ app_begin ] --START--
INFO: ReadHtmlCache Behavior ::run [ RunTime:0.000000s ]
INFO: [ app_begin ] --END-- [ RunTime:0.000000s ]
NOTIC: [8] Undefined offset: 1 D:\wamp\www\ThinkPHP\Extend\Driver\Session\SessionDb.class.php 第 129 行.
NOTIC: [2] mysql_query() expects parameter 2 to be resource, null given D:\wamp\www\ThinkPHP\Extend\Driver\Session\SessionDb.class.php 第 130 行.
ERR: Unknown database 'yf_itrecord'

[ 2014-04-24T18:35:13+08:00 ] 127.0.0.1 /ITmanage/index.php/Wxjl/newrecord.html
INFO: [ route_check ] --START--
INFO: CheckRoute Behavior ::run [ RunTime:0.000000s ]
INFO: [ route_check ] --END-- [ RunTime:0.000000s ]
INFO: [ app_begin ] --START--
INFO: ReadHtmlCache Behavior ::run [ RunTime:0.000000s ]
INFO: [ app_begin ] --END-- [ RunTime:0.015625s ]
NOTIC: [8] Undefined offset: 1 D:\wamp\www\ThinkPHP\Extend\Driver\Session\SessionDb.class.php 第 129 行.
NOTIC: [2] mysql_query() expects parameter 2 to be resource, null given D:\wamp\www\ThinkPHP\Extend\Driver\Session\SessionDb.class.php 第 130 行.

[ 2014-04-24T18:35:19+08:00 ] 127.0.0.1 /ITmanage/index.php/Wxjl/newrecord.html
INFO: [ route_check ] --START--
INFO: CheckRoute Behavior ::run [ RunTime:0.000000s ]
INFO: [ route_check ] --END-- [ RunTime:0.000000s ]
INFO: [ app_begin ] --START--
INFO: ReadHtmlCache Behavior ::run [ RunTime:0.000000s ]
INFO: [ app_begin ] --END-- [ RunTime:0.000000s ]
NOTIC: [8] Undefined offset: 1 D:\wamp\www\ThinkPHP\Extend\Driver\Session\SessionDb.class.php 第 129 行.
NOTIC: [2] mysql_query() expects parameter 2 to be resource, null given D:\wamp\www\ThinkPHP\Extend\Driver\Session\SessionDb.class.php 第 130 行.
NOTIC: [8] Use of undefined constant htmlspecialchars - assumed 'htmlspecialchars' D:\wamp\www\ITmanage\App\Lib\Action\WxjlAction.class.php 第 16 行.
NOTIC: [8] Use of undefined constant htmlspecialchars - assumed 'htmlspecialchars' D:\wamp\www\ITmanage\App\Lib\Action\WxjlAction.class.php 第 17 行.
NOTIC: [8] Use of undefined constant htmlspecialchars - assumed 'htmlspecialchars' D:\wamp\www\ITmanage\App\Lib\Action\WxjlAction.class.php 第 18 行.
NOTIC: [8] Use of undefined constant htmlspecialchars - assumed 'htmlspecialchars' D:\wamp\www\ITmanage\App\Lib\Action\WxjlAction.class.php 第 19 行.
NOTIC: [8] Use of undefined constant htmlspecialchars - assumed 'htmlspecialchars' D:\wamp\www\ITmanage\App\Lib\Action\WxjlAction.class.php 第 20 行.
NOTIC: [8] Use of undefined constant htmlspecialchars - assumed 'htmlspecialchars' D:\wamp\www\ITmanage\App\Lib\Action\WxjlAction.class.php 第 27 行.
ERR: Unknown database 'yf_itrecord'

[ 2014-04-24T18:35:20+08:00 ] 127.0.0.1 /ITmanage/index.php/Wxjl/newrecord.html
INFO: [ route_check ] --START--
INFO: CheckRoute Behavior ::run [ RunTime:0.000000s ]
INFO: [ route_check ] --END-- [ RunTime:0.000000s ]
INFO: [ app_begin ] --START--
INFO: ReadHtmlCache Behavior ::run [ RunTime:0.000000s ]
INFO: [ app_begin ] --END-- [ RunTime:0.000000s ]
NOTIC: [8] Undefined offset: 1 D:\wamp\www\ThinkPHP\Extend\Driver\Session\SessionDb.class.php 第 129 行.
NOTIC: [2] mysql_query() expects parameter 2 to be resource, null given D:\wamp\www\ThinkPHP\Extend\Driver\Session\SessionDb.class.php 第 130 行.
NOTIC: [8] Use of undefined constant htmlspecialchars - assumed 'htmlspecialchars' D:\wamp\www\ITmanage\App\Lib\Action\WxjlAction.class.php 第 16 行.
NOTIC: [8] Use of undefined constant htmlspecialchars - assumed 'htmlspecialchars' D:\wamp\www\ITmanage\App\Lib\Action\WxjlAction.class.php 第 17 行.
NOTIC: [8] Use of undefined constant htmlspecialchars - assumed 'htmlspecialchars' D:\wamp\www\ITmanage\App\Lib\Action\WxjlAction.class.php 第 18 行.
NOTIC: [8] Use of undefined constant htmlspecialchars - assumed 'htmlspecialchars' D:\wamp\www\ITmanage\App\Lib\Action\WxjlAction.class.php 第 19 行.
NOTIC: [8] Use of undefined constant htmlspecialchars - assumed 'htmlspecialchars' D:\wamp\www\ITmanage\App\Lib\Action\WxjlAction.class.php 第 20 行.
NOTIC: [8] Use of undefined constant htmlspecialchars - assumed 'htmlspecialchars' D:\wamp\www\ITmanage\App\Lib\Action\WxjlAction.class.php 第 27 行.
ERR: Unknown database 'yf_itrecord'

[ 2014-04-24T18:35:22+08:00 ] 127.0.0.1 /ITmanage/
INFO: [ app_begin ] --START--
INFO: ReadHtmlCache Behavior ::run [ RunTime:0.000000s ]
INFO: [ app_begin ] --END-- [ RunTime:0.000000s ]
NOTIC: [8] Undefined offset: 1 D:\wamp\www\ThinkPHP\Extend\Driver\Session\SessionDb.class.php 第 129 行.
NOTIC: [2] mysql_query() expects parameter 2 to be resource, null given D:\wamp\www\ThinkPHP\Extend\Driver\Session\SessionDb.class.php 第 130 行.
INFO: [ view_parse ] --START--
INFO: ParseTemplate Behavior ::run [ RunTime:0.000000s ]
INFO: [ view_parse ] --END-- [ RunTime:0.000000s ]
INFO: [ view_filter ] --START--
INFO: ContentReplace Behavior ::run [ RunTime:0.015625s ]
INFO: TokenBuild Behavior ::run [ RunTime:0.000000s ]
INFO: WriteHtmlCache Behavior ::run [ RunTime:0.000000s ]
INFO: ShowRuntime Behavior ::run [ RunTime:0.000000s ]
INFO: [ view_filter ] --END-- [ RunTime:0.015625s ]
INFO: [ view_end ] --START--
INFO: ShowPageTrace Behavior ::run [ RunTime:0.000000s ]
INFO: [ view_end ] --END-- [ RunTime:0.000000s ]

[ 2014-04-24T18:35:24+08:00 ] 127.0.0.1 /ITmanage/index.php/Index/wxjl.html?_=1398335723133
INFO: [ route_check ] --START--
INFO: CheckRoute Behavior ::run [ RunTime:0.015625s ]
INFO: [ route_check ] --END-- [ RunTime:0.015625s ]
INFO: [ app_begin ] --START--
INFO: ReadHtmlCache Behavior ::run [ RunTime:0.000000s ]
INFO: [ app_begin ] --END-- [ RunTime:0.000000s ]
NOTIC: [8] Undefined offset: 1 D:\wamp\www\ThinkPHP\Extend\Driver\Session\SessionDb.class.php 第 129 行.
NOTIC: [2] mysql_query() expects parameter 2 to be resource, null given D:\wamp\www\ThinkPHP\Extend\Driver\Session\SessionDb.class.php 第 130 行.
NOTIC: [8] Constant THEME_NAME already defined D:\wamp\www\ThinkPHP\Lib\Core\View.class.php 第 223 行.
NOTIC: [8] Constant THEME_PATH already defined D:\wamp\www\ThinkPHP\Lib\Core\View.class.php 第 174 行.
NOTIC: [8] Constant APP_TMPL_PATH already defined D:\wamp\www\ThinkPHP\Lib\Core\View.class.php 第 175 行.
INFO: [ view_parse ] --START--
INFO: ParseTemplate Behavior ::run [ RunTime:0.015625s ]
INFO: [ view_parse ] --END-- [ RunTime:0.015625s ]
INFO: [ view_filter ] --START--
INFO: ContentReplace Behavior ::run [ RunTime:0.000000s ]
INFO: TokenBuild Behavior ::run [ RunTime:0.000000s ]
INFO: WriteHtmlCache Behavior ::run [ RunTime:0.000000s ]
INFO: ShowRuntime Behavior ::run [ RunTime:0.000000s ]
INFO: [ view_filter ] --END-- [ RunTime:0.000000s ]
INFO: [ view_end ] --START--
INFO: ShowPageTrace Behavior ::run [ RunTime:0.000000s ]
INFO: [ view_end ] --END-- [ RunTime:0.000000s ]

[ 2014-04-24T18:35:24+08:00 ] 127.0.0.1 /ITmanage/index.php/Wxjl/index.html?page=1&rows=10
INFO: [ route_check ] --START--
INFO: CheckRoute Behavior ::run [ RunTime:0.000000s ]
INFO: [ route_check ] --END-- [ RunTime:0.000000s ]
INFO: [ app_begin ] --START--
INFO: ReadHtmlCache Behavior ::run [ RunTime:0.000000s ]
INFO: [ app_begin ] --END-- [ RunTime:0.015625s ]
NOTIC: [8] Undefined offset: 1 D:\wamp\www\ThinkPHP\Extend\Driver\Session\SessionDb.class.php 第 129 行.
NOTIC: [2] mysql_query() expects parameter 2 to be resource, null given D:\wamp\www\ThinkPHP\Extend\Driver\Session\SessionDb.class.php 第 130 行.
ERR: Unknown database 'yf_itrecord'

[ 2014-04-24T18:35:27+08:00 ] 127.0.0.1 /ITmanage/
INFO: [ app_begin ] --START--
INFO: ReadHtmlCache Behavior ::run [ RunTime:0.000000s ]
INFO: [ app_begin ] --END-- [ RunTime:0.000000s ]
NOTIC: [8] Undefined offset: 1 D:\wamp\www\ThinkPHP\Extend\Driver\Session\SessionDb.class.php 第 129 行.
NOTIC: [2] mysql_query() expects parameter 2 to be resource, null given D:\wamp\www\ThinkPHP\Extend\Driver\Session\SessionDb.class.php 第 130 行.
INFO: [ view_parse ] --START--
INFO: ParseTemplate Behavior ::run [ RunTime:0.015625s ]
INFO: [ view_parse ] --END-- [ RunTime:0.015625s ]
INFO: [ view_filter ] --START--
INFO: ContentReplace Behavior ::run [ RunTime:0.000000s ]
INFO: TokenBuild Behavior ::run [ RunTime:0.000000s ]
INFO: WriteHtmlCache Behavior ::run [ RunTime:0.000000s ]
INFO: ShowRuntime Behavior ::run [ RunTime:0.000000s ]
INFO: [ view_filter ] --END-- [ RunTime:0.000000s ]
INFO: [ view_end ] --START--
INFO: ShowPageTrace Behavior ::run [ RunTime:0.000000s ]
INFO: [ view_end ] --END-- [ RunTime:0.000000s ]

[ 2014-04-24T18:35:42+08:00 ] 127.0.0.1 /ITmanage/index.php/Wxjl/newrecord.html
INFO: [ route_check ] --START--
INFO: CheckRoute Behavior ::run [ RunTime:0.000000s ]
INFO: [ route_check ] --END-- [ RunTime:0.015625s ]
INFO: [ app_begin ] --START--
INFO: ReadHtmlCache Behavior ::run [ RunTime:0.000000s ]
INFO: [ app_begin ] --END-- [ RunTime:0.000000s ]
NOTIC: [8] Undefined offset: 1 D:\wamp\www\ThinkPHP\Extend\Driver\Session\SessionDb.class.php 第 129 行.
NOTIC: [2] mysql_query() expects parameter 2 to be resource, null given D:\wamp\www\ThinkPHP\Extend\Driver\Session\SessionDb.class.php 第 130 行.
NOTIC: [8] Use of undefined constant htmlspecialchars - assumed 'htmlspecialchars' D:\wamp\www\ITmanage\App\Lib\Action\WxjlAction.class.php 第 16 行.
NOTIC: [8] Use of undefined constant htmlspecialchars - assumed 'htmlspecialchars' D:\wamp\www\ITmanage\App\Lib\Action\WxjlAction.class.php 第 17 行.
NOTIC: [8] Use of undefined constant htmlspecialchars - assumed 'htmlspecialchars' D:\wamp\www\ITmanage\App\Lib\Action\WxjlAction.class.php 第 18 行.
NOTIC: [8] Use of undefined constant htmlspecialchars - assumed 'htmlspecialchars' D:\wamp\www\ITmanage\App\Lib\Action\WxjlAction.class.php 第 19 行.
NOTIC: [8] Use of undefined constant htmlspecialchars - assumed 'htmlspecialchars' D:\wamp\www\ITmanage\App\Lib\Action\WxjlAction.class.php 第 20 行.
NOTIC: [8] Use of undefined constant htmlspecialchars - assumed 'htmlspecialchars' D:\wamp\www\ITmanage\App\Lib\Action\WxjlAction.class.php 第 27 行.
ERR: Unknown database 'yf_itrecord'

